2018-09-25 07:39:19.460  INFO newvoe5-rds01 --- [           main] c.e.s.SecuredDocumentsApplication        : Starting SecuredDocumentsApplication on newvoe5-rds01 with PID 17024 (D:\Harshal\ionic\eIndia\Eindia\securedDocuments\target\classes started by HP00492848 in D:\Harshal\ionic\eIndia\Eindia\securedDocuments)
2018-09-25 07:39:19.465 DEBUG newvoe5-rds01 --- [           main] c.e.s.SecuredDocumentsApplication        : Running with Spring Boot v2.0.5.RELEASE, Spring v5.0.9.RELEASE
2018-09-25 07:39:19.466  INFO newvoe5-rds01 --- [           main] c.e.s.SecuredDocumentsApplication        : No active profile set, falling back to default profiles: default
2018-09-25 07:39:19.507  INFO newvoe5-rds01 --- [           main] ConfigServletWebServerApplicationContext : Refreshing org.springframework.boot.web.servlet.context.AnnotationConfigServletWebServerApplicationContext@6a2f6f80: startup date [Tue Sep 25 07:39:19 UTC 2018]; root of context hierarchy
2018-09-25 07:39:20.646  INFO newvoe5-rds01 --- [           main] trationDelegate$BeanPostProcessorChecker : Bean 'org.springframework.transaction.annotation.ProxyTransactionManagementConfiguration' of type [org.springframework.transaction.annotation.ProxyTransactionManagementConfiguration$$EnhancerBySpringCGLIB$$ab67533a] is not eligible for getting processed by all BeanPostProcessors (for example: not eligible for auto-proxying)
2018-09-25 07:39:21.133  INFO newvoe5-rds01 --- [           main] o.s.b.w.e.t.TomcatWebServer              : Tomcat initialized with port(s): 8080 (http)
2018-09-25 07:39:21.152  INFO newvoe5-rds01 --- [           main] o.a.c.h.Http11NioProtocol                : Initializing ProtocolHandler ["http-nio-8080"]
2018-09-25 07:39:21.164  INFO newvoe5-rds01 --- [           main] o.a.c.c.StandardService                  : Starting service [Tomcat]
2018-09-25 07:39:21.165  INFO newvoe5-rds01 --- [           main] o.a.c.c.StandardEngine                   : Starting Servlet Engine: Apache Tomcat/8.5.34
2018-09-25 07:39:21.175  INFO newvoe5-rds01 --- [ost-startStop-1] o.a.c.c.AprLifecycleListener             : The APR based Apache Tomcat Native library which allows optimal performance in production environments was not found on the java.library.path: [C:\Program Files\Java\jre1.8.0_161\bin;C:\Windows\Sun\Java\bin;C:\Windows\system32;C:\Windows;C:/Program Files/Java/jre1.8.0_161/bin/server;C:/Program Files/Java/jre1.8.0_161/bin;C:/Program Files/Java/jre1.8.0_161/lib/amd64;C:\Program Files\Python36\Scripts\;C:\Program Files\Python36\;C:\ProgramData\Oracle\Java\javapath;C:\Oracle\OraHome_1\product\11.2.0\client_1\BIN;C:\Windows\system32;C:\Windows;C:\Windows\System32\Wbem;C:\Program Files\TortoiseSVN\bin;C:\Program Files\SlikSvn\bin;C:\Windows\System32\WindowsPowerShell\v1.0\;C:\Program Files\Git\cmd;C:\Program Files\Git\mingw64\bin;C:\Program Files\Git\usr\bin;C:\Program Files\TortoiseGit\bin;C:\Program Files\nodejs\;C:\Program Files\Cloud Foundry;C:\Program Files\Java\jdk1.8.0_161\bin;C:\Program Files\Python36\Scripts\;C:\Program Files\Python36\;C:\ProgramData\Oracle\Java\javapath;C:\Oracle\OraHome_1\product\11.2.0\client_1\BIN;C:\Windows\system32;C:\Windows;C:\Windows\System32\Wbem;C:\Program Files\TortoiseSVN\bin;C:\Program Files\SlikSvn\bin;C:\Windows\System32\WindowsPowerShell\v1.0\;C:\Program Files\Git\cmd;C:\Program Files\Git\mingw64\bin;C:\Program Files\Git\usr\bin;C:\Program Files\TortoiseGit\bin;C:\Program Files\nodejs\;C:\Program Files\Java\jdk1.8.0_161\bin;C:\Program Files\Python36\Scripts\;C:\Program Files\Python36\;C:\ProgramData\Oracle\Java\javapath;C:\Oracle\OraHome_1\product\11.2.0\client_1\BIN;C:\Windows\system32;C:\Windows;C:\Windows\System32\Wbem;C:\Program Files\TortoiseSVN\bin;C:\Program Files\SlikSvn\bin;C:\Windows\System32\WindowsPowerShell\v1.0\;C:\Program Files\Git\cmd;C:\Program Files\Git\mingw64\bin;C:\Program Files\Git\usr\bin;C:\Program Files\TortoiseGit\bin;C:\Program Files\nodejs\;C:\Users\HP00492848\AppData\Local\atom\b;D:\Harshal\softwares\eclipse;;.]
2018-09-25 07:39:21.371  INFO newvoe5-rds01 --- [ost-startStop-1] o.a.c.c.C.[.[.[/]                        : Initializing Spring embedded WebApplicationContext
2018-09-25 07:39:21.372  INFO newvoe5-rds01 --- [ost-startStop-1] o.s.w.c.ContextLoader                    : Root WebApplicationContext: initialization completed in 1867 ms
2018-09-25 07:39:21.436  INFO newvoe5-rds01 --- [ost-startStop-1] o.s.b.w.s.ServletRegistrationBean        : Servlet dispatcherServlet mapped to [/]
2018-09-25 07:39:21.439  INFO newvoe5-rds01 --- [ost-startStop-1] o.s.b.w.s.FilterRegistrationBean         : Mapping filter: 'characterEncodingFilter' to: [/*]
2018-09-25 07:39:21.440  INFO newvoe5-rds01 --- [ost-startStop-1] o.s.b.w.s.FilterRegistrationBean         : Mapping filter: 'hiddenHttpMethodFilter' to: [/*]
2018-09-25 07:39:21.440  INFO newvoe5-rds01 --- [ost-startStop-1] o.s.b.w.s.FilterRegistrationBean         : Mapping filter: 'httpPutFormContentFilter' to: [/*]
2018-09-25 07:39:21.440  INFO newvoe5-rds01 --- [ost-startStop-1] o.s.b.w.s.FilterRegistrationBean         : Mapping filter: 'requestContextFilter' to: [/*]
2018-09-25 07:39:21.612  INFO newvoe5-rds01 --- [           main] j.LocalContainerEntityManagerFactoryBean : Building JPA container EntityManagerFactory for persistence unit 'eindia'
2018-09-25 07:39:21.629  INFO newvoe5-rds01 --- [           main] o.h.j.i.u.LogHelper                      : HHH000204: Processing PersistenceUnitInfo [
	name: eindia
	...]
2018-09-25 07:39:21.703  INFO newvoe5-rds01 --- [           main] o.h.Version                              : HHH000412: Hibernate Core {5.2.17.Final}
2018-09-25 07:39:21.705  INFO newvoe5-rds01 --- [           main] o.h.c.Environment                        : HHH000206: hibernate.properties not found
2018-09-25 07:39:21.744  INFO newvoe5-rds01 --- [           main] o.h.a.c.Version                          : HCANN000001: Hibernate Commons Annotations {5.0.1.Final}
2018-09-25 07:39:21.872  INFO newvoe5-rds01 --- [           main] c.z.h.HikariDataSource                   : HikariPool-1 - Starting...
2018-09-25 07:39:27.512  INFO newvoe5-rds01 --- [           main] c.z.h.HikariDataSource                   : HikariPool-1 - Start completed.
2018-09-25 07:39:27.528  INFO newvoe5-rds01 --- [           main] o.h.d.Dialect                            : HHH000400: Using dialect: org.hibernate.dialect.MySQL5Dialect
2018-09-25 07:39:28.040  INFO newvoe5-rds01 --- [           main] j.LocalContainerEntityManagerFactoryBean : Initialized JPA EntityManagerFactory for persistence unit 'eindia'
2018-09-25 07:39:28.379  INFO newvoe5-rds01 --- [           main] o.h.h.i.QueryTranslatorFactoryInitiator  : HHH000397: Using ASTQueryTranslatorFactory
2018-09-25 07:39:28.600  INFO newvoe5-rds01 --- [           main] o.s.w.s.h.SimpleUrlHandlerMapping        : Mapped URL path [/**/favicon.ico] onto handler of type [class org.springframework.web.servlet.resource.ResourceHttpRequestHandler]
2018-09-25 07:39:28.846  INFO newvoe5-rds01 --- [           main] s.w.s.m.m.a.RequestMappingHandlerAdapter : Looking for @ControllerAdvice: org.springframework.boot.web.servlet.context.AnnotationConfigServletWebServerApplicationContext@6a2f6f80: startup date [Tue Sep 25 07:39:19 UTC 2018]; root of context hierarchy
2018-09-25 07:39:28.888  WARN newvoe5-rds01 --- [           main] aWebConfiguration$JpaWebMvcConfiguration : spring.jpa.open-in-view is enabled by default. Therefore, database queries may be performed during view rendering. Explicitly configure spring.jpa.open-in-view to disable this warning
2018-09-25 07:39:28.919  INFO newvoe5-rds01 --- [           main] s.w.s.m.m.a.RequestMappingHandlerMapping : Mapped "{[/dbService/getUserDetails],methods=[POST],produces=[application/json]}" onto public java.lang.String com.eindia.controller.DatabaseController.getUserInfo(java.lang.String) throws java.io.IOException
2018-09-25 07:39:28.922  INFO newvoe5-rds01 --- [           main] s.w.s.m.m.a.RequestMappingHandlerMapping : Mapped "{[/error]}" onto public org.springframework.http.ResponseEntity<java.util.Map<java.lang.String, java.lang.Object>> org.springframework.boot.autoconfigure.web.servlet.error.BasicErrorController.error(javax.servlet.http.HttpServletRequest)
2018-09-25 07:39:28.923  INFO newvoe5-rds01 --- [           main] s.w.s.m.m.a.RequestMappingHandlerMapping : Mapped "{[/error],produces=[text/html]}" onto public org.springframework.web.servlet.ModelAndView org.springframework.boot.autoconfigure.web.servlet.error.BasicErrorController.errorHtml(javax.servlet.http.HttpServletRequest,javax.servlet.http.HttpServletResponse)
2018-09-25 07:39:28.948  INFO newvoe5-rds01 --- [           main] o.s.w.s.h.SimpleUrlHandlerMapping        : Mapped URL path [/webjars/**] onto handler of type [class org.springframework.web.servlet.resource.ResourceHttpRequestHandler]
2018-09-25 07:39:28.948  INFO newvoe5-rds01 --- [           main] o.s.w.s.h.SimpleUrlHandlerMapping        : Mapped URL path [/**] onto handler of type [class org.springframework.web.servlet.resource.ResourceHttpRequestHandler]
2018-09-25 07:39:28.988  INFO newvoe5-rds01 --- [           main] o.s.b.a.w.s.WelcomePageHandlerMapping    : Adding welcome page: class path resource [static/index.html]
2018-09-25 07:39:29.181  INFO newvoe5-rds01 --- [           main] o.s.j.e.a.AnnotationMBeanExporter        : Registering beans for JMX exposure on startup
2018-09-25 07:39:29.182  INFO newvoe5-rds01 --- [           main] o.s.j.e.a.AnnotationMBeanExporter        : Bean with name 'eindiaDataSource' has been autodetected for JMX exposure
2018-09-25 07:39:29.186  INFO newvoe5-rds01 --- [           main] o.s.j.e.a.AnnotationMBeanExporter        : Located MBean 'eindiaDataSource': registering with JMX server as MBean [com.zaxxer.hikari:name=eindiaDataSource,type=HikariDataSource]
2018-09-25 07:39:29.196  INFO newvoe5-rds01 --- [           main] o.a.c.h.Http11NioProtocol                : Starting ProtocolHandler ["http-nio-8080"]
2018-09-25 07:39:29.205  INFO newvoe5-rds01 --- [           main] o.a.t.u.n.NioSelectorPool                : Using a shared selector for servlet write/read
2018-09-25 07:39:29.219  INFO newvoe5-rds01 --- [           main] o.s.b.w.e.t.TomcatWebServer              : Tomcat started on port(s): 8080 (http) with context path ''
2018-09-25 07:39:29.222  INFO newvoe5-rds01 --- [           main] c.e.s.SecuredDocumentsApplication        : Started SecuredDocumentsApplication in 10.023 seconds (JVM running for 10.803)
2018-09-25 14:22:17.243  INFO newvoe5-rds01 --- [           main] c.e.s.SecuredDocumentsApplication        : Starting SecuredDocumentsApplication on newvoe5-rds01 with PID 23816 (D:\Harshal\ionic\eIndia\Eindia\securedDocuments\target\classes started by HP00492848 in D:\Harshal\ionic\eIndia\Eindia\securedDocuments)
2018-09-25 14:22:17.249 DEBUG newvoe5-rds01 --- [           main] c.e.s.SecuredDocumentsApplication        : Running with Spring Boot v2.0.5.RELEASE, Spring v5.0.9.RELEASE
2018-09-25 14:22:17.249  INFO newvoe5-rds01 --- [           main] c.e.s.SecuredDocumentsApplication        : No active profile set, falling back to default profiles: default
2018-09-25 14:22:17.290  INFO newvoe5-rds01 --- [           main] ConfigServletWebServerApplicationContext : Refreshing org.springframework.boot.web.servlet.context.AnnotationConfigServletWebServerApplicationContext@65d09a04: startup date [Tue Sep 25 14:22:17 UTC 2018]; root of context hierarchy
2018-09-25 14:22:18.256  INFO newvoe5-rds01 --- [           main] trationDelegate$BeanPostProcessorChecker : Bean 'org.springframework.transaction.annotation.ProxyTransactionManagementConfiguration' of type [org.springframework.transaction.annotation.ProxyTransactionManagementConfiguration$$EnhancerBySpringCGLIB$$28582178] is not eligible for getting processed by all BeanPostProcessors (for example: not eligible for auto-proxying)
2018-09-25 14:22:18.759  INFO newvoe5-rds01 --- [           main] o.s.b.w.e.t.TomcatWebServer              : Tomcat initialized with port(s): 9066 (http)
2018-09-25 14:22:18.778  INFO newvoe5-rds01 --- [           main] o.a.c.h.Http11NioProtocol                : Initializing ProtocolHandler ["http-nio-9066"]
2018-09-25 14:22:18.790  INFO newvoe5-rds01 --- [           main] o.a.c.c.StandardService                  : Starting service [Tomcat]
2018-09-25 14:22:18.790  INFO newvoe5-rds01 --- [           main] o.a.c.c.StandardEngine                   : Starting Servlet Engine: Apache Tomcat/8.5.34
2018-09-25 14:22:18.800  INFO newvoe5-rds01 --- [ost-startStop-1] o.a.c.c.AprLifecycleListener             : The APR based Apache Tomcat Native library which allows optimal performance in production environments was not found on the java.library.path: [C:\Program Files\Java\jre1.8.0_161\bin;C:\Windows\Sun\Java\bin;C:\Windows\system32;C:\Windows;C:/Program Files/Java/jre1.8.0_161/bin/server;C:/Program Files/Java/jre1.8.0_161/bin;C:/Program Files/Java/jre1.8.0_161/lib/amd64;C:\Program Files\Python36\Scripts\;C:\Program Files\Python36\;C:\ProgramData\Oracle\Java\javapath;C:\Oracle\OraHome_1\product\11.2.0\client_1\BIN;C:\Windows\system32;C:\Windows;C:\Windows\System32\Wbem;C:\Program Files\TortoiseSVN\bin;C:\Program Files\SlikSvn\bin;C:\Windows\System32\WindowsPowerShell\v1.0\;C:\Program Files\Git\cmd;C:\Program Files\Git\mingw64\bin;C:\Program Files\Git\usr\bin;C:\Program Files\TortoiseGit\bin;C:\Program Files\nodejs\;C:\Program Files\Cloud Foundry;C:\Program Files\Java\jdk1.8.0_161\bin;C:\Program Files\Python36\Scripts\;C:\Program Files\Python36\;C:\ProgramData\Oracle\Java\javapath;C:\Oracle\OraHome_1\product\11.2.0\client_1\BIN;C:\Windows\system32;C:\Windows;C:\Windows\System32\Wbem;C:\Program Files\TortoiseSVN\bin;C:\Program Files\SlikSvn\bin;C:\Windows\System32\WindowsPowerShell\v1.0\;C:\Program Files\Git\cmd;C:\Program Files\Git\mingw64\bin;C:\Program Files\Git\usr\bin;C:\Program Files\TortoiseGit\bin;C:\Program Files\nodejs\;C:\Program Files\Java\jdk1.8.0_161\bin;C:\Program Files\Python36\Scripts\;C:\Program Files\Python36\;C:\ProgramData\Oracle\Java\javapath;C:\Oracle\OraHome_1\product\11.2.0\client_1\BIN;C:\Windows\system32;C:\Windows;C:\Windows\System32\Wbem;C:\Program Files\TortoiseSVN\bin;C:\Program Files\SlikSvn\bin;C:\Windows\System32\WindowsPowerShell\v1.0\;C:\Program Files\Git\cmd;C:\Program Files\Git\mingw64\bin;C:\Program Files\Git\usr\bin;C:\Program Files\TortoiseGit\bin;C:\Program Files\nodejs\;C:\Users\HP00492848\AppData\Local\atom\b;D:\Harshal\softwares\eclipse;;.]
2018-09-25 14:22:18.998  INFO newvoe5-rds01 --- [ost-startStop-1] o.a.c.c.C.[.[.[/]                        : Initializing Spring embedded WebApplicationContext
2018-09-25 14:22:18.998  INFO newvoe5-rds01 --- [ost-startStop-1] o.s.w.c.ContextLoader                    : Root WebApplicationContext: initialization completed in 1711 ms
2018-09-25 14:22:19.063  INFO newvoe5-rds01 --- [ost-startStop-1] o.s.b.w.s.ServletRegistrationBean        : Servlet dispatcherServlet mapped to [/]
2018-09-25 14:22:19.066  INFO newvoe5-rds01 --- [ost-startStop-1] o.s.b.w.s.FilterRegistrationBean         : Mapping filter: 'characterEncodingFilter' to: [/*]
2018-09-25 14:22:19.066  INFO newvoe5-rds01 --- [ost-startStop-1] o.s.b.w.s.FilterRegistrationBean         : Mapping filter: 'hiddenHttpMethodFilter' to: [/*]
2018-09-25 14:22:19.066  INFO newvoe5-rds01 --- [ost-startStop-1] o.s.b.w.s.FilterRegistrationBean         : Mapping filter: 'httpPutFormContentFilter' to: [/*]
2018-09-25 14:22:19.066  INFO newvoe5-rds01 --- [ost-startStop-1] o.s.b.w.s.FilterRegistrationBean         : Mapping filter: 'requestContextFilter' to: [/*]
2018-09-25 14:22:19.229  INFO newvoe5-rds01 --- [           main] j.LocalContainerEntityManagerFactoryBean : Building JPA container EntityManagerFactory for persistence unit 'eindia'
2018-09-25 14:22:19.246  INFO newvoe5-rds01 --- [           main] o.h.j.i.u.LogHelper                      : HHH000204: Processing PersistenceUnitInfo [
	name: eindia
	...]
2018-09-25 14:22:19.319  INFO newvoe5-rds01 --- [           main] o.h.Version                              : HHH000412: Hibernate Core {5.2.17.Final}
2018-09-25 14:22:19.321  INFO newvoe5-rds01 --- [           main] o.h.c.Environment                        : HHH000206: hibernate.properties not found
2018-09-25 14:22:19.359  INFO newvoe5-rds01 --- [           main] o.h.a.c.Version                          : HCANN000001: Hibernate Commons Annotations {5.0.1.Final}
2018-09-25 14:22:19.487  INFO newvoe5-rds01 --- [           main] c.z.h.HikariDataSource                   : HikariPool-1 - Starting...
2018-09-25 14:22:20.041  INFO newvoe5-rds01 --- [           main] c.z.h.HikariDataSource                   : HikariPool-1 - Start completed.
2018-09-25 14:22:20.057  INFO newvoe5-rds01 --- [           main] o.h.d.Dialect                            : HHH000400: Using dialect: org.hibernate.dialect.MySQL5Dialect
2018-09-25 14:22:20.548  INFO newvoe5-rds01 --- [           main] j.LocalContainerEntityManagerFactoryBean : Initialized JPA EntityManagerFactory for persistence unit 'eindia'
2018-09-25 14:22:20.914  INFO newvoe5-rds01 --- [           main] o.h.h.i.QueryTranslatorFactoryInitiator  : HHH000397: Using ASTQueryTranslatorFactory
2018-09-25 14:22:21.128  INFO newvoe5-rds01 --- [           main] o.s.w.s.h.SimpleUrlHandlerMapping        : Mapped URL path [/**/favicon.ico] onto handler of type [class org.springframework.web.servlet.resource.ResourceHttpRequestHandler]
2018-09-25 14:22:21.342  INFO newvoe5-rds01 --- [           main] s.w.s.m.m.a.RequestMappingHandlerAdapter : Looking for @ControllerAdvice: org.springframework.boot.web.servlet.context.AnnotationConfigServletWebServerApplicationContext@65d09a04: startup date [Tue Sep 25 14:22:17 UTC 2018]; root of context hierarchy
2018-09-25 14:22:21.387  WARN newvoe5-rds01 --- [           main] aWebConfiguration$JpaWebMvcConfiguration : spring.jpa.open-in-view is enabled by default. Therefore, database queries may be performed during view rendering. Explicitly configure spring.jpa.open-in-view to disable this warning
2018-09-25 14:22:21.419  INFO newvoe5-rds01 --- [           main] s.w.s.m.m.a.RequestMappingHandlerMapping : Mapped "{[/dbService/getUserDetails],methods=[POST],produces=[application/json]}" onto public java.lang.String com.eindia.controller.DatabaseController.getUserInfo(java.lang.String) throws java.io.IOException
2018-09-25 14:22:21.422  INFO newvoe5-rds01 --- [           main] s.w.s.m.m.a.RequestMappingHandlerMapping : Mapped "{[/error]}" onto public org.springframework.http.ResponseEntity<java.util.Map<java.lang.String, java.lang.Object>> org.springframework.boot.autoconfigure.web.servlet.error.BasicErrorController.error(javax.servlet.http.HttpServletRequest)
2018-09-25 14:22:21.423  INFO newvoe5-rds01 --- [           main] s.w.s.m.m.a.RequestMappingHandlerMapping : Mapped "{[/error],produces=[text/html]}" onto public org.springframework.web.servlet.ModelAndView org.springframework.boot.autoconfigure.web.servlet.error.BasicErrorController.errorHtml(javax.servlet.http.HttpServletRequest,javax.servlet.http.HttpServletResponse)
2018-09-25 14:22:21.450  INFO newvoe5-rds01 --- [           main] o.s.w.s.h.SimpleUrlHandlerMapping        : Mapped URL path [/webjars/**] onto handler of type [class org.springframework.web.servlet.resource.ResourceHttpRequestHandler]
2018-09-25 14:22:21.451  INFO newvoe5-rds01 --- [           main] o.s.w.s.h.SimpleUrlHandlerMapping        : Mapped URL path [/**] onto handler of type [class org.springframework.web.servlet.resource.ResourceHttpRequestHandler]
2018-09-25 14:22:21.493  INFO newvoe5-rds01 --- [           main] o.s.b.a.w.s.WelcomePageHandlerMapping    : Adding welcome page: class path resource [static/index.html]
2018-09-25 14:22:21.694  INFO newvoe5-rds01 --- [           main] o.s.j.e.a.AnnotationMBeanExporter        : Registering beans for JMX exposure on startup
2018-09-25 14:22:21.694  INFO newvoe5-rds01 --- [           main] o.s.j.e.a.AnnotationMBeanExporter        : Bean with name 'eindiaDataSource' has been autodetected for JMX exposure
2018-09-25 14:22:21.699  INFO newvoe5-rds01 --- [           main] o.s.j.e.a.AnnotationMBeanExporter        : Located MBean 'eindiaDataSource': registering with JMX server as MBean [com.zaxxer.hikari:name=eindiaDataSource,type=HikariDataSource]
2018-09-25 14:22:21.709  INFO newvoe5-rds01 --- [           main] o.a.c.h.Http11NioProtocol                : Starting ProtocolHandler ["http-nio-9066"]
2018-09-25 14:22:21.719  INFO newvoe5-rds01 --- [           main] o.a.t.u.n.NioSelectorPool                : Using a shared selector for servlet write/read
2018-09-25 14:22:21.733  INFO newvoe5-rds01 --- [           main] o.s.b.w.e.t.TomcatWebServer              : Tomcat started on port(s): 9066 (http) with context path ''
2018-09-25 14:22:21.735  INFO newvoe5-rds01 --- [           main] c.e.s.SecuredDocumentsApplication        : Started SecuredDocumentsApplication in 4.739 seconds (JVM running for 5.481)
2018-09-25 14:22:31.673  INFO newvoe5-rds01 --- [nio-9066-exec-1] o.a.c.c.C.[.[.[/]                        : Initializing Spring FrameworkServlet 'dispatcherServlet'
2018-09-25 14:22:31.673  INFO newvoe5-rds01 --- [nio-9066-exec-1] o.s.w.s.DispatcherServlet                : FrameworkServlet 'dispatcherServlet': initialization started
2018-09-25 14:22:31.700  INFO newvoe5-rds01 --- [nio-9066-exec-1] o.s.w.s.DispatcherServlet                : FrameworkServlet 'dispatcherServlet': initialization completed in 27 ms
2018-09-25 14:24:37.728  INFO newvoe5-rds01 --- [           main] c.e.s.SecuredDocumentsApplication        : Starting SecuredDocumentsApplication on newvoe5-rds01 with PID 17912 (D:\Harshal\ionic\eIndia\Eindia\securedDocuments\target\classes started by HP00492848 in D:\Harshal\ionic\eIndia\Eindia\securedDocuments)
2018-09-25 14:24:37.733 DEBUG newvoe5-rds01 --- [           main] c.e.s.SecuredDocumentsApplication        : Running with Spring Boot v2.0.5.RELEASE, Spring v5.0.9.RELEASE
2018-09-25 14:24:37.734  INFO newvoe5-rds01 --- [           main] c.e.s.SecuredDocumentsApplication        : No active profile set, falling back to default profiles: default
2018-09-25 14:24:37.774  INFO newvoe5-rds01 --- [           main] ConfigServletWebServerApplicationContext : Refreshing org.springframework.boot.web.servlet.context.AnnotationConfigServletWebServerApplicationContext@1e66f1f5: startup date [Tue Sep 25 14:24:37 UTC 2018]; root of context hierarchy
2018-09-25 14:24:38.823  INFO newvoe5-rds01 --- [           main] trationDelegate$BeanPostProcessorChecker : Bean 'org.springframework.transaction.annotation.ProxyTransactionManagementConfiguration' of type [org.springframework.transaction.annotation.ProxyTransactionManagementConfiguration$$EnhancerBySpringCGLIB$$8e0a3b90] is not eligible for getting processed by all BeanPostProcessors (for example: not eligible for auto-proxying)
2018-09-25 14:24:39.314  INFO newvoe5-rds01 --- [           main] o.s.b.w.e.t.TomcatWebServer              : Tomcat initialized with port(s): 8080 (http)
2018-09-25 14:24:39.333  INFO newvoe5-rds01 --- [           main] o.a.c.h.Http11NioProtocol                : Initializing ProtocolHandler ["http-nio-8080"]
2018-09-25 14:24:39.344  INFO newvoe5-rds01 --- [           main] o.a.c.c.StandardService                  : Starting service [Tomcat]
2018-09-25 14:24:39.345  INFO newvoe5-rds01 --- [           main] o.a.c.c.StandardEngine                   : Starting Servlet Engine: Apache Tomcat/8.5.34
2018-09-25 14:24:39.355  INFO newvoe5-rds01 --- [ost-startStop-1] o.a.c.c.AprLifecycleListener             : The APR based Apache Tomcat Native library which allows optimal performance in production environments was not found on the java.library.path: [C:\Program Files\Java\jre1.8.0_161\bin;C:\Windows\Sun\Java\bin;C:\Windows\system32;C:\Windows;C:/Program Files/Java/jre1.8.0_161/bin/server;C:/Program Files/Java/jre1.8.0_161/bin;C:/Program Files/Java/jre1.8.0_161/lib/amd64;C:\Program Files\Python36\Scripts\;C:\Program Files\Python36\;C:\ProgramData\Oracle\Java\javapath;C:\Oracle\OraHome_1\product\11.2.0\client_1\BIN;C:\Windows\system32;C:\Windows;C:\Windows\System32\Wbem;C:\Program Files\TortoiseSVN\bin;C:\Program Files\SlikSvn\bin;C:\Windows\System32\WindowsPowerShell\v1.0\;C:\Program Files\Git\cmd;C:\Program Files\Git\mingw64\bin;C:\Program Files\Git\usr\bin;C:\Program Files\TortoiseGit\bin;C:\Program Files\nodejs\;C:\Program Files\Cloud Foundry;C:\Program Files\Java\jdk1.8.0_161\bin;C:\Program Files\Python36\Scripts\;C:\Program Files\Python36\;C:\ProgramData\Oracle\Java\javapath;C:\Oracle\OraHome_1\product\11.2.0\client_1\BIN;C:\Windows\system32;C:\Windows;C:\Windows\System32\Wbem;C:\Program Files\TortoiseSVN\bin;C:\Program Files\SlikSvn\bin;C:\Windows\System32\WindowsPowerShell\v1.0\;C:\Program Files\Git\cmd;C:\Program Files\Git\mingw64\bin;C:\Program Files\Git\usr\bin;C:\Program Files\TortoiseGit\bin;C:\Program Files\nodejs\;C:\Program Files\Java\jdk1.8.0_161\bin;C:\Program Files\Python36\Scripts\;C:\Program Files\Python36\;C:\ProgramData\Oracle\Java\javapath;C:\Oracle\OraHome_1\product\11.2.0\client_1\BIN;C:\Windows\system32;C:\Windows;C:\Windows\System32\Wbem;C:\Program Files\TortoiseSVN\bin;C:\Program Files\SlikSvn\bin;C:\Windows\System32\WindowsPowerShell\v1.0\;C:\Program Files\Git\cmd;C:\Program Files\Git\mingw64\bin;C:\Program Files\Git\usr\bin;C:\Program Files\TortoiseGit\bin;C:\Program Files\nodejs\;C:\Users\HP00492848\AppData\Local\atom\b;D:\Harshal\softwares\eclipse;;.]
2018-09-25 14:24:39.540  INFO newvoe5-rds01 --- [ost-startStop-1] o.a.c.c.C.[.[.[/]                        : Initializing Spring embedded WebApplicationContext
2018-09-25 14:24:39.540  INFO newvoe5-rds01 --- [ost-startStop-1] o.s.w.c.ContextLoader                    : Root WebApplicationContext: initialization completed in 1768 ms
2018-09-25 14:24:39.606  INFO newvoe5-rds01 --- [ost-startStop-1] o.s.b.w.s.ServletRegistrationBean        : Servlet dispatcherServlet mapped to [/]
2018-09-25 14:24:39.609  INFO newvoe5-rds01 --- [ost-startStop-1] o.s.b.w.s.FilterRegistrationBean         : Mapping filter: 'characterEncodingFilter' to: [/*]
2018-09-25 14:24:39.610  INFO newvoe5-rds01 --- [ost-startStop-1] o.s.b.w.s.FilterRegistrationBean         : Mapping filter: 'hiddenHttpMethodFilter' to: [/*]
2018-09-25 14:24:39.610  INFO newvoe5-rds01 --- [ost-startStop-1] o.s.b.w.s.FilterRegistrationBean         : Mapping filter: 'httpPutFormContentFilter' to: [/*]
2018-09-25 14:24:39.610  INFO newvoe5-rds01 --- [ost-startStop-1] o.s.b.w.s.FilterRegistrationBean         : Mapping filter: 'requestContextFilter' to: [/*]
2018-09-25 14:24:39.784  INFO newvoe5-rds01 --- [           main] j.LocalContainerEntityManagerFactoryBean : Building JPA container EntityManagerFactory for persistence unit 'eindia'
2018-09-25 14:24:39.801  INFO newvoe5-rds01 --- [           main] o.h.j.i.u.LogHelper                      : HHH000204: Processing PersistenceUnitInfo [
	name: eindia
	...]
2018-09-25 14:24:39.876  INFO newvoe5-rds01 --- [           main] o.h.Version                              : HHH000412: Hibernate Core {5.2.17.Final}
2018-09-25 14:24:39.877  INFO newvoe5-rds01 --- [           main] o.h.c.Environment                        : HHH000206: hibernate.properties not found
2018-09-25 14:24:39.915  INFO newvoe5-rds01 --- [           main] o.h.a.c.Version                          : HCANN000001: Hibernate Commons Annotations {5.0.1.Final}
2018-09-25 14:24:40.044  INFO newvoe5-rds01 --- [           main] c.z.h.HikariDataSource                   : HikariPool-1 - Starting...
2018-09-25 14:24:40.578  INFO newvoe5-rds01 --- [           main] c.z.h.HikariDataSource                   : HikariPool-1 - Start completed.
2018-09-25 14:24:40.593  INFO newvoe5-rds01 --- [           main] o.h.d.Dialect                            : HHH000400: Using dialect: org.hibernate.dialect.MySQL5Dialect
2018-09-25 14:24:41.162  INFO newvoe5-rds01 --- [           main] j.LocalContainerEntityManagerFactoryBean : Initialized JPA EntityManagerFactory for persistence unit 'eindia'
2018-09-25 14:24:41.511  INFO newvoe5-rds01 --- [           main] o.h.h.i.QueryTranslatorFactoryInitiator  : HHH000397: Using ASTQueryTranslatorFactory
2018-09-25 14:24:41.741  INFO newvoe5-rds01 --- [           main] o.s.w.s.h.SimpleUrlHandlerMapping        : Mapped URL path [/**/favicon.ico] onto handler of type [class org.springframework.web.servlet.resource.ResourceHttpRequestHandler]
2018-09-25 14:24:41.998  INFO newvoe5-rds01 --- [           main] s.w.s.m.m.a.RequestMappingHandlerAdapter : Looking for @ControllerAdvice: org.springframework.boot.web.servlet.context.AnnotationConfigServletWebServerApplicationContext@1e66f1f5: startup date [Tue Sep 25 14:24:37 UTC 2018]; root of context hierarchy
2018-09-25 14:24:42.048  WARN newvoe5-rds01 --- [           main] aWebConfiguration$JpaWebMvcConfiguration : spring.jpa.open-in-view is enabled by default. Therefore, database queries may be performed during view rendering. Explicitly configure spring.jpa.open-in-view to disable this warning
2018-09-25 14:24:42.082  INFO newvoe5-rds01 --- [           main] s.w.s.m.m.a.RequestMappingHandlerMapping : Mapped "{[/dbService/getUserDetails],methods=[POST],produces=[application/json]}" onto public java.lang.String com.eindia.controller.DatabaseController.getUserInfo(java.lang.String) throws java.io.IOException
2018-09-25 14:24:42.086  INFO newvoe5-rds01 --- [           main] s.w.s.m.m.a.RequestMappingHandlerMapping : Mapped "{[/error]}" onto public org.springframework.http.ResponseEntity<java.util.Map<java.lang.String, java.lang.Object>> org.springframework.boot.autoconfigure.web.servlet.error.BasicErrorController.error(javax.servlet.http.HttpServletRequest)
2018-09-25 14:24:42.086  INFO newvoe5-rds01 --- [           main] s.w.s.m.m.a.RequestMappingHandlerMapping : Mapped "{[/error],produces=[text/html]}" onto public org.springframework.web.servlet.ModelAndView org.springframework.boot.autoconfigure.web.servlet.error.BasicErrorController.errorHtml(javax.servlet.http.HttpServletRequest,javax.servlet.http.HttpServletResponse)
2018-09-25 14:24:42.113  INFO newvoe5-rds01 --- [           main] o.s.w.s.h.SimpleUrlHandlerMapping        : Mapped URL path [/webjars/**] onto handler of type [class org.springframework.web.servlet.resource.ResourceHttpRequestHandler]
2018-09-25 14:24:42.114  INFO newvoe5-rds01 --- [           main] o.s.w.s.h.SimpleUrlHandlerMapping        : Mapped URL path [/**] onto handler of type [class org.springframework.web.servlet.resource.ResourceHttpRequestHandler]
2018-09-25 14:24:42.178  INFO newvoe5-rds01 --- [           main] o.s.b.a.w.s.WelcomePageHandlerMapping    : Adding welcome page: class path resource [static/index.html]
2018-09-25 14:24:42.368  INFO newvoe5-rds01 --- [           main] o.s.j.e.a.AnnotationMBeanExporter        : Registering beans for JMX exposure on startup
2018-09-25 14:24:42.369  INFO newvoe5-rds01 --- [           main] o.s.j.e.a.AnnotationMBeanExporter        : Bean with name 'eindiaDataSource' has been autodetected for JMX exposure
2018-09-25 14:24:42.373  INFO newvoe5-rds01 --- [           main] o.s.j.e.a.AnnotationMBeanExporter        : Located MBean 'eindiaDataSource': registering with JMX server as MBean [com.zaxxer.hikari:name=eindiaDataSource,type=HikariDataSource]
2018-09-25 14:24:42.383  INFO newvoe5-rds01 --- [           main] o.a.c.h.Http11NioProtocol                : Starting ProtocolHandler ["http-nio-8080"]
2018-09-25 14:24:42.393  INFO newvoe5-rds01 --- [           main] o.a.t.u.n.NioSelectorPool                : Using a shared selector for servlet write/read
2018-09-25 14:24:42.407  INFO newvoe5-rds01 --- [           main] o.s.b.w.e.t.TomcatWebServer              : Tomcat started on port(s): 8080 (http) with context path ''
2018-09-25 14:24:42.409  INFO newvoe5-rds01 --- [           main] c.e.s.SecuredDocumentsApplication        : Started SecuredDocumentsApplication in 4.937 seconds (JVM running for 5.686)
2018-09-25 14:24:51.002  INFO newvoe5-rds01 --- [nio-8080-exec-1] o.a.c.c.C.[.[.[/]                        : Initializing Spring FrameworkServlet 'dispatcherServlet'
2018-09-25 14:24:51.002  INFO newvoe5-rds01 --- [nio-8080-exec-1] o.s.w.s.DispatcherServlet                : FrameworkServlet 'dispatcherServlet': initialization started
2018-09-25 14:24:51.024  INFO newvoe5-rds01 --- [nio-8080-exec-1] o.s.w.s.DispatcherServlet                : FrameworkServlet 'dispatcherServlet': initialization completed in 22 ms
2018-09-25 14:48:35.415  WARN newvoe5-rds01 --- [nio-8080-exec-4] .w.s.m.s.DefaultHandlerExceptionResolver : Resolved [org.springframework.web.HttpRequestMethodNotSupportedException: Request method 'GET' not supported]
2018-09-26 10:10:45.545  INFO newvoe5-rds01 --- [           main] c.e.s.SecuredDocumentsApplication        : Starting SecuredDocumentsApplication on newvoe5-rds01 with PID 3368 (D:\Harshal\ionic\eIndia\securedDocuments\target\classes started by HP00492848 in D:\Harshal\ionic\eIndia\securedDocuments)
2018-09-26 10:10:45.551 DEBUG newvoe5-rds01 --- [           main] c.e.s.SecuredDocumentsApplication        : Running with Spring Boot v2.0.5.RELEASE, Spring v5.0.9.RELEASE
2018-09-26 10:10:45.552  INFO newvoe5-rds01 --- [           main] c.e.s.SecuredDocumentsApplication        : No active profile set, falling back to default profiles: default
2018-09-26 10:10:45.592  INFO newvoe5-rds01 --- [           main] ConfigServletWebServerApplicationContext : Refreshing org.springframework.boot.web.servlet.context.AnnotationConfigServletWebServerApplicationContext@394df057: startup date [Wed Sep 26 10:10:45 UTC 2018]; root of context hierarchy
2018-09-26 10:10:46.752  INFO newvoe5-rds01 --- [           main] trationDelegate$BeanPostProcessorChecker : Bean 'org.springframework.transaction.annotation.ProxyTransactionManagementConfiguration' of type [org.springframework.transaction.annotation.ProxyTransactionManagementConfiguration$$EnhancerBySpringCGLIB$$a5e2f75e] is not eligible for getting processed by all BeanPostProcessors (for example: not eligible for auto-proxying)
2018-09-26 10:10:47.268  INFO newvoe5-rds01 --- [           main] o.s.b.w.e.t.TomcatWebServer              : Tomcat initialized with port(s): 8080 (http)
2018-09-26 10:10:47.287  INFO newvoe5-rds01 --- [           main] o.a.c.h.Http11NioProtocol                : Initializing ProtocolHandler ["http-nio-8080"]
2018-09-26 10:10:47.299  INFO newvoe5-rds01 --- [           main] o.a.c.c.StandardService                  : Starting service [Tomcat]
2018-09-26 10:10:47.299  INFO newvoe5-rds01 --- [           main] o.a.c.c.StandardEngine                   : Starting Servlet Engine: Apache Tomcat/8.5.34
2018-09-26 10:10:47.309  INFO newvoe5-rds01 --- [ost-startStop-1] o.a.c.c.AprLifecycleListener             : The APR based Apache Tomcat Native library which allows optimal performance in production environments was not found on the java.library.path: [C:\Program Files\Java\jre1.8.0_161\bin;C:\Windows\Sun\Java\bin;C:\Windows\system32;C:\Windows;C:/Program Files/Java/jre1.8.0_161/bin/server;C:/Program Files/Java/jre1.8.0_161/bin;C:/Program Files/Java/jre1.8.0_161/lib/amd64;C:\Program Files\Python36\Scripts\;C:\Program Files\Python36\;C:\ProgramData\Oracle\Java\javapath;C:\Oracle\OraHome_1\product\11.2.0\client_1\BIN;C:\Windows\system32;C:\Windows;C:\Windows\System32\Wbem;C:\Program Files\TortoiseSVN\bin;C:\Program Files\SlikSvn\bin;C:\Windows\System32\WindowsPowerShell\v1.0\;C:\Program Files\Git\cmd;C:\Program Files\Git\mingw64\bin;C:\Program Files\Git\usr\bin;C:\Program Files\TortoiseGit\bin;C:\Program Files\nodejs\;C:\Program Files\Cloud Foundry;C:\Program Files\Java\jdk1.8.0_161\bin;C:\Program Files\Python36\Scripts\;C:\Program Files\Python36\;C:\ProgramData\Oracle\Java\javapath;C:\Oracle\OraHome_1\product\11.2.0\client_1\BIN;C:\Windows\system32;C:\Windows;C:\Windows\System32\Wbem;C:\Program Files\TortoiseSVN\bin;C:\Program Files\SlikSvn\bin;C:\Windows\System32\WindowsPowerShell\v1.0\;C:\Program Files\Git\cmd;C:\Program Files\Git\mingw64\bin;C:\Program Files\Git\usr\bin;C:\Program Files\TortoiseGit\bin;C:\Program Files\nodejs\;C:\Program Files\Java\jdk1.8.0_161\bin;C:\Program Files\Python36\Scripts\;C:\Program Files\Python36\;C:\ProgramData\Oracle\Java\javapath;C:\Oracle\OraHome_1\product\11.2.0\client_1\BIN;C:\Windows\system32;C:\Windows;C:\Windows\System32\Wbem;C:\Program Files\TortoiseSVN\bin;C:\Program Files\SlikSvn\bin;C:\Windows\System32\WindowsPowerShell\v1.0\;C:\Program Files\Git\cmd;C:\Program Files\Git\mingw64\bin;C:\Program Files\Git\usr\bin;C:\Program Files\TortoiseGit\bin;C:\Program Files\nodejs\;C:\Users\HP00492848\AppData\Local\atom\b;D:\Harshal\softwares\eclipse;;.]
2018-09-26 10:10:47.500  INFO newvoe5-rds01 --- [ost-startStop-1] o.a.c.c.C.[.[.[/]                        : Initializing Spring embedded WebApplicationContext
2018-09-26 10:10:47.500  INFO newvoe5-rds01 --- [ost-startStop-1] o.s.w.c.ContextLoader                    : Root WebApplicationContext: initialization completed in 1911 ms
2018-09-26 10:10:47.563  INFO newvoe5-rds01 --- [ost-startStop-1] o.s.b.w.s.ServletRegistrationBean        : Servlet dispatcherServlet mapped to [/]
2018-09-26 10:10:47.566  INFO newvoe5-rds01 --- [ost-startStop-1] o.s.b.w.s.FilterRegistrationBean         : Mapping filter: 'characterEncodingFilter' to: [/*]
2018-09-26 10:10:47.567  INFO newvoe5-rds01 --- [ost-startStop-1] o.s.b.w.s.FilterRegistrationBean         : Mapping filter: 'hiddenHttpMethodFilter' to: [/*]
2018-09-26 10:10:47.567  INFO newvoe5-rds01 --- [ost-startStop-1] o.s.b.w.s.FilterRegistrationBean         : Mapping filter: 'httpPutFormContentFilter' to: [/*]
2018-09-26 10:10:47.567  INFO newvoe5-rds01 --- [ost-startStop-1] o.s.b.w.s.FilterRegistrationBean         : Mapping filter: 'requestContextFilter' to: [/*]
2018-09-26 10:10:47.793  INFO newvoe5-rds01 --- [           main] j.LocalContainerEntityManagerFactoryBean : Building JPA container EntityManagerFactory for persistence unit 'eindia'
2018-09-26 10:10:47.846  INFO newvoe5-rds01 --- [           main] o.h.j.i.u.LogHelper                      : HHH000204: Processing PersistenceUnitInfo [
	name: eindia
	...]
2018-09-26 10:10:48.019  INFO newvoe5-rds01 --- [           main] o.h.Version                              : HHH000412: Hibernate Core {5.2.17.Final}
2018-09-26 10:10:48.023  INFO newvoe5-rds01 --- [           main] o.h.c.Environment                        : HHH000206: hibernate.properties not found
2018-09-26 10:10:48.096  INFO newvoe5-rds01 --- [           main] o.h.a.c.Version                          : HCANN000001: Hibernate Commons Annotations {5.0.1.Final}
2018-09-26 10:10:48.310  INFO newvoe5-rds01 --- [           main] c.z.h.HikariDataSource                   : HikariPool-1 - Starting...
2018-09-26 10:10:48.938  INFO newvoe5-rds01 --- [           main] c.z.h.HikariDataSource                   : HikariPool-1 - Start completed.
2018-09-26 10:10:48.965  INFO newvoe5-rds01 --- [           main] o.h.d.Dialect                            : HHH000400: Using dialect: org.hibernate.dialect.MySQL5Dialect
2018-09-26 10:10:49.668  INFO newvoe5-rds01 --- [           main] j.LocalContainerEntityManagerFactoryBean : Initialized JPA EntityManagerFactory for persistence unit 'eindia'
2018-09-26 10:10:50.066  INFO newvoe5-rds01 --- [           main] o.h.h.i.QueryTranslatorFactoryInitiator  : HHH000397: Using ASTQueryTranslatorFactory
2018-09-26 10:10:50.333  INFO newvoe5-rds01 --- [           main] o.s.w.s.h.SimpleUrlHandlerMapping        : Mapped URL path [/**/favicon.ico] onto handler of type [class org.springframework.web.servlet.resource.ResourceHttpRequestHandler]
2018-09-26 10:10:50.630  INFO newvoe5-rds01 --- [           main] s.w.s.m.m.a.RequestMappingHandlerAdapter : Looking for @ControllerAdvice: org.springframework.boot.web.servlet.context.AnnotationConfigServletWebServerApplicationContext@394df057: startup date [Wed Sep 26 10:10:45 UTC 2018]; root of context hierarchy
2018-09-26 10:10:50.675  WARN newvoe5-rds01 --- [           main] aWebConfiguration$JpaWebMvcConfiguration : spring.jpa.open-in-view is enabled by default. Therefore, database queries may be performed during view rendering. Explicitly configure spring.jpa.open-in-view to disable this warning
2018-09-26 10:10:50.710  INFO newvoe5-rds01 --- [           main] s.w.s.m.m.a.RequestMappingHandlerMapping : Mapped "{[/dbService/getUserDetails],methods=[POST],produces=[application/json]}" onto public java.lang.String com.eindia.controller.DatabaseController.getUserInfo(java.lang.String) throws java.io.IOException
2018-09-26 10:10:50.712  INFO newvoe5-rds01 --- [           main] s.w.s.m.m.a.RequestMappingHandlerMapping : Mapped "{[/error]}" onto public org.springframework.http.ResponseEntity<java.util.Map<java.lang.String, java.lang.Object>> org.springframework.boot.autoconfigure.web.servlet.error.BasicErrorController.error(javax.servlet.http.HttpServletRequest)
2018-09-26 10:10:50.713  INFO newvoe5-rds01 --- [           main] s.w.s.m.m.a.RequestMappingHandlerMapping : Mapped "{[/error],produces=[text/html]}" onto public org.springframework.web.servlet.ModelAndView org.springframework.boot.autoconfigure.web.servlet.error.BasicErrorController.errorHtml(javax.servlet.http.HttpServletRequest,javax.servlet.http.HttpServletResponse)
2018-09-26 10:10:50.738  INFO newvoe5-rds01 --- [           main] o.s.w.s.h.SimpleUrlHandlerMapping        : Mapped URL path [/webjars/**] onto handler of type [class org.springframework.web.servlet.resource.ResourceHttpRequestHandler]
2018-09-26 10:10:50.739  INFO newvoe5-rds01 --- [           main] o.s.w.s.h.SimpleUrlHandlerMapping        : Mapped URL path [/**] onto handler of type [class org.springframework.web.servlet.resource.ResourceHttpRequestHandler]
2018-09-26 10:10:50.781  INFO newvoe5-rds01 --- [           main] o.s.b.a.w.s.WelcomePageHandlerMapping    : Adding welcome page: class path resource [static/index.html]
2018-09-26 10:10:51.071  INFO newvoe5-rds01 --- [           main] o.s.j.e.a.AnnotationMBeanExporter        : Registering beans for JMX exposure on startup
2018-09-26 10:10:51.072  INFO newvoe5-rds01 --- [           main] o.s.j.e.a.AnnotationMBeanExporter        : Bean with name 'eindiaDataSource' has been autodetected for JMX exposure
2018-09-26 10:10:51.077  INFO newvoe5-rds01 --- [           main] o.s.j.e.a.AnnotationMBeanExporter        : Located MBean 'eindiaDataSource': registering with JMX server as MBean [com.zaxxer.hikari:name=eindiaDataSource,type=HikariDataSource]
2018-09-26 10:10:51.087  INFO newvoe5-rds01 --- [           main] o.a.c.h.Http11NioProtocol                : Starting ProtocolHandler ["http-nio-8080"]
2018-09-26 10:10:51.097  INFO newvoe5-rds01 --- [           main] o.a.t.u.n.NioSelectorPool                : Using a shared selector for servlet write/read
2018-09-26 10:10:51.112  INFO newvoe5-rds01 --- [           main] o.s.b.w.e.t.TomcatWebServer              : Tomcat started on port(s): 8080 (http) with context path ''
2018-09-26 10:10:51.114  INFO newvoe5-rds01 --- [           main] c.e.s.SecuredDocumentsApplication        : Started SecuredDocumentsApplication in 5.826 seconds (JVM running for 6.6)
2018-09-26 10:11:07.286  INFO newvoe5-rds01 --- [nio-8080-exec-1] o.a.c.c.C.[.[.[/]                        : Initializing Spring FrameworkServlet 'dispatcherServlet'
2018-09-26 10:11:07.286  INFO newvoe5-rds01 --- [nio-8080-exec-1] o.s.w.s.DispatcherServlet                : FrameworkServlet 'dispatcherServlet': initialization started
2018-09-26 10:11:07.310  INFO newvoe5-rds01 --- [nio-8080-exec-1] o.s.w.s.DispatcherServlet                : FrameworkServlet 'dispatcherServlet': initialization completed in 24 ms
2018-09-26 13:23:28.798  INFO newvoe5-rds01 --- [           main] c.e.s.SecuredDocumentsApplication        : Starting SecuredDocumentsApplication on newvoe5-rds01 with PID 28412 (D:\Harshal\ionic\eIndia\securedDocuments\target\classes started by HP00492848 in D:\Harshal\ionic\eIndia\securedDocuments)
2018-09-26 13:23:28.804 DEBUG newvoe5-rds01 --- [           main] c.e.s.SecuredDocumentsApplication        : Running with Spring Boot v2.0.5.RELEASE, Spring v5.0.9.RELEASE
2018-09-26 13:23:28.804  INFO newvoe5-rds01 --- [           main] c.e.s.SecuredDocumentsApplication        : No active profile set, falling back to default profiles: default
2018-09-26 13:23:28.847  INFO newvoe5-rds01 --- [           main] ConfigServletWebServerApplicationContext : Refreshing org.springframework.boot.web.servlet.context.AnnotationConfigServletWebServerApplicationContext@707194ba: startup date [Wed Sep 26 13:23:28 UTC 2018]; root of context hierarchy
2018-09-26 13:23:29.942  INFO newvoe5-rds01 --- [           main] trationDelegate$BeanPostProcessorChecker : Bean 'org.springframework.transaction.annotation.ProxyTransactionManagementConfiguration' of type [org.springframework.transaction.annotation.ProxyTransactionManagementConfiguration$$EnhancerBySpringCGLIB$$95100001] is not eligible for getting processed by all BeanPostProcessors (for example: not eligible for auto-proxying)
2018-09-26 13:23:30.459  INFO newvoe5-rds01 --- [           main] o.s.b.w.e.t.TomcatWebServer              : Tomcat initialized with port(s): 8080 (http)
2018-09-26 13:23:30.478  INFO newvoe5-rds01 --- [           main] o.a.c.h.Http11NioProtocol                : Initializing ProtocolHandler ["http-nio-8080"]
2018-09-26 13:23:30.489  INFO newvoe5-rds01 --- [           main] o.a.c.c.StandardService                  : Starting service [Tomcat]
2018-09-26 13:23:30.489  INFO newvoe5-rds01 --- [           main] o.a.c.c.StandardEngine                   : Starting Servlet Engine: Apache Tomcat/8.5.34
2018-09-26 13:23:30.499  INFO newvoe5-rds01 --- [ost-startStop-1] o.a.c.c.AprLifecycleListener             : The APR based Apache Tomcat Native library which allows optimal performance in production environments was not found on the java.library.path: [C:\Program Files\Java\jre1.8.0_161\bin;C:\Windows\Sun\Java\bin;C:\Windows\system32;C:\Windows;C:/Program Files/Java/jre1.8.0_161/bin/server;C:/Program Files/Java/jre1.8.0_161/bin;C:/Program Files/Java/jre1.8.0_161/lib/amd64;C:\Program Files\Python36\Scripts\;C:\Program Files\Python36\;C:\ProgramData\Oracle\Java\javapath;C:\Oracle\OraHome_1\product\11.2.0\client_1\BIN;C:\Windows\system32;C:\Windows;C:\Windows\System32\Wbem;C:\Program Files\TortoiseSVN\bin;C:\Program Files\SlikSvn\bin;C:\Windows\System32\WindowsPowerShell\v1.0\;C:\Program Files\Git\cmd;C:\Program Files\Git\mingw64\bin;C:\Program Files\Git\usr\bin;C:\Program Files\TortoiseGit\bin;C:\Program Files\nodejs\;C:\Program Files\Cloud Foundry;C:\Program Files\Java\jdk1.8.0_161\bin;C:\Program Files\Python36\Scripts\;C:\Program Files\Python36\;C:\ProgramData\Oracle\Java\javapath;C:\Oracle\OraHome_1\product\11.2.0\client_1\BIN;C:\Windows\system32;C:\Windows;C:\Windows\System32\Wbem;C:\Program Files\TortoiseSVN\bin;C:\Program Files\SlikSvn\bin;C:\Windows\System32\WindowsPowerShell\v1.0\;C:\Program Files\Git\cmd;C:\Program Files\Git\mingw64\bin;C:\Program Files\Git\usr\bin;C:\Program Files\TortoiseGit\bin;C:\Program Files\nodejs\;C:\Program Files\Java\jdk1.8.0_161\bin;C:\Program Files\Python36\Scripts\;C:\Program Files\Python36\;C:\ProgramData\Oracle\Java\javapath;C:\Oracle\OraHome_1\product\11.2.0\client_1\BIN;C:\Windows\system32;C:\Windows;C:\Windows\System32\Wbem;C:\Program Files\TortoiseSVN\bin;C:\Program Files\SlikSvn\bin;C:\Windows\System32\WindowsPowerShell\v1.0\;C:\Program Files\Git\cmd;C:\Program Files\Git\mingw64\bin;C:\Program Files\Git\usr\bin;C:\Program Files\TortoiseGit\bin;C:\Program Files\nodejs\;C:\Users\HP00492848\AppData\Local\atom\b;D:\Harshal\softwares\eclipse;;.]
2018-09-26 13:23:30.686  INFO newvoe5-rds01 --- [ost-startStop-1] o.a.c.c.C.[.[.[/]                        : Initializing Spring embedded WebApplicationContext
2018-09-26 13:23:30.686  INFO newvoe5-rds01 --- [ost-startStop-1] o.s.w.c.ContextLoader                    : Root WebApplicationContext: initialization completed in 1842 ms
2018-09-26 13:23:30.752  INFO newvoe5-rds01 --- [ost-startStop-1] o.s.b.w.s.ServletRegistrationBean        : Servlet dispatcherServlet mapped to [/]
2018-09-26 13:23:30.756  INFO newvoe5-rds01 --- [ost-startStop-1] o.s.b.w.s.FilterRegistrationBean         : Mapping filter: 'characterEncodingFilter' to: [/*]
2018-09-26 13:23:30.756  INFO newvoe5-rds01 --- [ost-startStop-1] o.s.b.w.s.FilterRegistrationBean         : Mapping filter: 'hiddenHttpMethodFilter' to: [/*]
2018-09-26 13:23:30.756  INFO newvoe5-rds01 --- [ost-startStop-1] o.s.b.w.s.FilterRegistrationBean         : Mapping filter: 'httpPutFormContentFilter' to: [/*]
2018-09-26 13:23:30.756  INFO newvoe5-rds01 --- [ost-startStop-1] o.s.b.w.s.FilterRegistrationBean         : Mapping filter: 'requestContextFilter' to: [/*]
2018-09-26 13:23:30.946  INFO newvoe5-rds01 --- [           main] j.LocalContainerEntityManagerFactoryBean : Building JPA container EntityManagerFactory for persistence unit 'eindia'
2018-09-26 13:23:30.965  INFO newvoe5-rds01 --- [           main] o.h.j.i.u.LogHelper                      : HHH000204: Processing PersistenceUnitInfo [
	name: eindia
	...]
2018-09-26 13:23:31.041  INFO newvoe5-rds01 --- [           main] o.h.Version                              : HHH000412: Hibernate Core {5.2.17.Final}
2018-09-26 13:23:31.043  INFO newvoe5-rds01 --- [           main] o.h.c.Environment                        : HHH000206: hibernate.properties not found
2018-09-26 13:23:31.082  INFO newvoe5-rds01 --- [           main] o.h.a.c.Version                          : HCANN000001: Hibernate Commons Annotations {5.0.1.Final}
2018-09-26 13:23:31.215  INFO newvoe5-rds01 --- [           main] c.z.h.HikariDataSource                   : HikariPool-1 - Starting...
2018-09-26 13:23:39.765  INFO newvoe5-rds01 --- [           main] c.z.h.HikariDataSource                   : HikariPool-1 - Start completed.
2018-09-26 13:23:39.781  INFO newvoe5-rds01 --- [           main] o.h.d.Dialect                            : HHH000400: Using dialect: org.hibernate.dialect.MySQL5Dialect
2018-09-26 13:23:40.277  INFO newvoe5-rds01 --- [           main] j.LocalContainerEntityManagerFactoryBean : Initialized JPA EntityManagerFactory for persistence unit 'eindia'
2018-09-26 13:23:40.595  INFO newvoe5-rds01 --- [           main] o.h.h.i.QueryTranslatorFactoryInitiator  : HHH000397: Using ASTQueryTranslatorFactory
2018-09-26 13:23:40.822  INFO newvoe5-rds01 --- [           main] o.s.w.s.h.SimpleUrlHandlerMapping        : Mapped URL path [/**/favicon.ico] onto handler of type [class org.springframework.web.servlet.resource.ResourceHttpRequestHandler]
2018-09-26 13:23:41.048  INFO newvoe5-rds01 --- [           main] s.w.s.m.m.a.RequestMappingHandlerAdapter : Looking for @ControllerAdvice: org.springframework.boot.web.servlet.context.AnnotationConfigServletWebServerApplicationContext@707194ba: startup date [Wed Sep 26 13:23:28 UTC 2018]; root of context hierarchy
2018-09-26 13:23:41.094  WARN newvoe5-rds01 --- [           main] aWebConfiguration$JpaWebMvcConfiguration : spring.jpa.open-in-view is enabled by default. Therefore, database queries may be performed during view rendering. Explicitly configure spring.jpa.open-in-view to disable this warning
2018-09-26 13:23:41.127  INFO newvoe5-rds01 --- [           main] s.w.s.m.m.a.RequestMappingHandlerMapping : Mapped "{[/dbService/getUserDetails],methods=[POST],produces=[application/json]}" onto public java.lang.String com.eindia.controller.DatabaseController.getUserInfo(java.lang.String) throws java.io.IOException
2018-09-26 13:23:41.130  INFO newvoe5-rds01 --- [           main] s.w.s.m.m.a.RequestMappingHandlerMapping : Mapped "{[/error]}" onto public org.springframework.http.ResponseEntity<java.util.Map<java.lang.String, java.lang.Object>> org.springframework.boot.autoconfigure.web.servlet.error.BasicErrorController.error(javax.servlet.http.HttpServletRequest)
2018-09-26 13:23:41.130  INFO newvoe5-rds01 --- [           main] s.w.s.m.m.a.RequestMappingHandlerMapping : Mapped "{[/error],produces=[text/html]}" onto public org.springframework.web.servlet.ModelAndView org.springframework.boot.autoconfigure.web.servlet.error.BasicErrorController.errorHtml(javax.servlet.http.HttpServletRequest,javax.servlet.http.HttpServletResponse)
2018-09-26 13:23:41.176  INFO newvoe5-rds01 --- [           main] o.s.w.s.h.SimpleUrlHandlerMapping        : Mapped URL path [/webjars/**] onto handler of type [class org.springframework.web.servlet.resource.ResourceHttpRequestHandler]
2018-09-26 13:23:41.176  INFO newvoe5-rds01 --- [           main] o.s.w.s.h.SimpleUrlHandlerMapping        : Mapped URL path [/**] onto handler of type [class org.springframework.web.servlet.resource.ResourceHttpRequestHandler]
2018-09-26 13:23:41.216  INFO newvoe5-rds01 --- [           main] o.s.b.a.w.s.WelcomePageHandlerMapping    : Adding welcome page: class path resource [static/index.html]
2018-09-26 13:23:41.412  INFO newvoe5-rds01 --- [           main] o.s.j.e.a.AnnotationMBeanExporter        : Registering beans for JMX exposure on startup
2018-09-26 13:23:41.413  INFO newvoe5-rds01 --- [           main] o.s.j.e.a.AnnotationMBeanExporter        : Bean with name 'eindiaDataSource' has been autodetected for JMX exposure
2018-09-26 13:23:41.417  INFO newvoe5-rds01 --- [           main] o.s.j.e.a.AnnotationMBeanExporter        : Located MBean 'eindiaDataSource': registering with JMX server as MBean [com.zaxxer.hikari:name=eindiaDataSource,type=HikariDataSource]
2018-09-26 13:23:41.428  INFO newvoe5-rds01 --- [           main] o.a.c.h.Http11NioProtocol                : Starting ProtocolHandler ["http-nio-8080"]
2018-09-26 13:23:41.437  INFO newvoe5-rds01 --- [           main] o.a.t.u.n.NioSelectorPool                : Using a shared selector for servlet write/read
2018-09-26 13:23:41.453  INFO newvoe5-rds01 --- [           main] o.s.b.w.e.t.TomcatWebServer              : Tomcat started on port(s): 8080 (http) with context path ''
2018-09-26 13:23:41.455  INFO newvoe5-rds01 --- [           main] c.e.s.SecuredDocumentsApplication        : Started SecuredDocumentsApplication in 12.911 seconds (JVM running for 13.664)
2018-09-26 13:23:51.920  INFO newvoe5-rds01 --- [nio-8080-exec-1] o.a.c.c.C.[.[.[/]                        : Initializing Spring FrameworkServlet 'dispatcherServlet'
2018-09-26 13:23:51.920  INFO newvoe5-rds01 --- [nio-8080-exec-1] o.s.w.s.DispatcherServlet                : FrameworkServlet 'dispatcherServlet': initialization started
2018-09-26 13:23:51.942  INFO newvoe5-rds01 --- [nio-8080-exec-1] o.s.w.s.DispatcherServlet                : FrameworkServlet 'dispatcherServlet': initialization completed in 22 ms
2018-09-26 13:38:12.131  WARN newvoe5-rds01 --- [nio-8080-exec-5] c.z.h.p.PoolBase                         : HikariPool-1 - Failed to validate connection com.mysql.jdbc.JDBC4Connection@19729e9 (No operations allowed after connection closed.)
2018-09-26 13:38:12.134  WARN newvoe5-rds01 --- [nio-8080-exec-5] c.z.h.p.PoolBase                         : HikariPool-1 - Failed to validate connection com.mysql.jdbc.JDBC4Connection@48a99c34 (No operations allowed after connection closed.)
2018-09-26 13:38:12.135  WARN newvoe5-rds01 --- [nio-8080-exec-5] c.z.h.p.PoolBase                         : HikariPool-1 - Failed to validate connection com.mysql.jdbc.JDBC4Connection@70c93ca9 (No operations allowed after connection closed.)
2018-09-26 13:38:12.137  WARN newvoe5-rds01 --- [nio-8080-exec-5] c.z.h.p.PoolBase                         : HikariPool-1 - Failed to validate connection com.mysql.jdbc.JDBC4Connection@3d69b6ab (No operations allowed after connection closed.)
2018-09-26 13:38:12.139  WARN newvoe5-rds01 --- [nio-8080-exec-5] c.z.h.p.PoolBase                         : HikariPool-1 - Failed to validate connection com.mysql.jdbc.JDBC4Connection@289d334 (No operations allowed after connection closed.)
2018-09-26 13:38:12.140  WARN newvoe5-rds01 --- [nio-8080-exec-5] c.z.h.p.PoolBase                         : HikariPool-1 - Failed to validate connection com.mysql.jdbc.JDBC4Connection@645a76d (No operations allowed after connection closed.)
2018-09-26 13:38:12.142  WARN newvoe5-rds01 --- [nio-8080-exec-5] c.z.h.p.PoolBase                         : HikariPool-1 - Failed to validate connection com.mysql.jdbc.JDBC4Connection@3f50ef78 (No operations allowed after connection closed.)
2018-09-26 13:38:12.143  WARN newvoe5-rds01 --- [nio-8080-exec-5] c.z.h.p.PoolBase                         : HikariPool-1 - Failed to validate connection com.mysql.jdbc.JDBC4Connection@4ffccad7 (No operations allowed after connection closed.)
2018-09-26 13:38:12.144  WARN newvoe5-rds01 --- [nio-8080-exec-5] c.z.h.p.PoolBase                         : HikariPool-1 - Failed to validate connection com.mysql.jdbc.JDBC4Connection@3a0b06f (No operations allowed after connection closed.)
2018-09-26 13:38:12.146  WARN newvoe5-rds01 --- [nio-8080-exec-5] c.z.h.p.PoolBase                         : HikariPool-1 - Failed to validate connection com.mysql.jdbc.JDBC4Connection@287511b9 (No operations allowed after connection closed.)
